#
# There is insufficient memory for the Java Runtime Environment to continue.
# Native memory allocation (mmap) failed to map 151519232 bytes for committing reserved memory.
# Possible reasons:
#   The system is out of physical RAM or swap space
#   In 32 bit mode, the process size limit was hit
# Possible solutions:
#   Reduce memory load on the system
#   Increase physical memory or swap space
#   Check if swap backing store is full
#   Use 64 bit Java on a 64 bit OS
#   Decrease Java heap size (-Xmx/-Xms)
#   Decrease number of Java threads
#   Decrease Java thread stack sizes (-Xss)
#   Set larger code cache with -XX:ReservedCodeCacheSize=
# This output file may be truncated or incomplete.
#
#  Out of Memory Error (os_linux.cpp:2627), pid=22160, tid=0x00007f6a57afa700
#
# JRE version: Java(TM) SE Runtime Environment (8.0_101-b13) (build 1.8.0_101-b13)
# Java VM: Java HotSpot(TM) 64-Bit Server VM (25.101-b13 mixed mode linux-amd64 compressed oops)
# Failed to write core dump. Core dumps have been disabled. To enable core dumping, try "ulimit -c unlimited" before starting Java again
#

---------------  T H R E A D  ---------------

Current thread (0x00007f6a70141000):  VMThread [stack: 0x00007f6a579fa000,0x00007f6a57afb000] [id=22176]

Stack: [0x00007f6a579fa000,0x00007f6a57afb000],  sp=0x00007f6a57af9120,  free space=1020k
Native frames: (J=compiled Java code, j=interpreted, Vv=VM code, C=native code)
V  [libjvm.so+0xac3f0a]  VMError::report_and_die()+0x2ba
V  [libjvm.so+0x4fbf9b]  report_vm_out_of_memory(char const*, int, unsigned long, VMErrorType, char const*)+0x8b
V  [libjvm.so+0x9222d3]  os::Linux::commit_memory_impl(char*, unsigned long, bool)+0x103
V  [libjvm.so+0x922829]  os::pd_commit_memory(char*, unsigned long, unsigned long, bool)+0x29
V  [libjvm.so+0x91cb2a]  os::commit_memory(char*, unsigned long, unsigned long, bool)+0x2a
V  [libjvm.so+0x991053]  PSVirtualSpace::expand_by(unsigned long)+0x53
V  [libjvm.so+0x992458]  PSYoungGen::resize_generation(unsigned long, unsigned long)+0xf8
V  [libjvm.so+0x9915b2]  PSYoungGen::resize(unsigned long, unsigned long)+0x22
V  [libjvm.so+0x98e88b]  PSScavenge::invoke_no_policy()+0xf3b
V  [libjvm.so+0x98f011]  PSScavenge::invoke()+0x41
V  [libjvm.so+0x945fc0]  ParallelScavengeHeap::failed_mem_allocate(unsigned long)+0x70
V  [libjvm.so+0xac5927]  VM_ParallelGCFailedAllocation::doit()+0x97
V  [libjvm.so+0xacd405]  VM_Operation::evaluate()+0x55
V  [libjvm.so+0xacb7da]  VMThread::evaluate_operation(VM_Operation*)+0xba
V  [libjvm.so+0xacbb5e]  VMThread::loop()+0x1ce
V  [libjvm.so+0xacbfd0]  VMThread::run()+0x70
V  [libjvm.so+0x924698]  java_start(Thread*)+0x108

VM_Operation (0x00007f6a76b1d2f0): ParallelGCFailedAllocation, mode: safepoint, requested by thread 0x00007f6a7000c000


---------------  P R O C E S S  ---------------

Java Threads: ( => current thread )
  0x00007f6a70329000 JavaThread "Service Thread" daemon [_thread_blocked, id=22193, stack(0x00007f6a5702a000,0x00007f6a5712b000)]
  0x00007f6a7031b800 JavaThread "C1 CompilerThread2" daemon [_thread_blocked, id=22192, stack(0x00007f6a5712b000,0x00007f6a5722c000)]
  0x00007f6a70319800 JavaThread "C2 CompilerThread1" daemon [_thread_blocked, id=22191, stack(0x00007f6a5722c000,0x00007f6a5732d000)]
  0x00007f6a70318000 JavaThread "C2 CompilerThread0" daemon [_thread_blocked, id=22190, stack(0x00007f6a5732d000,0x00007f6a5742e000)]
  0x00007f6a7031c800 JavaThread "Monitor Ctrl-Break" daemon [_thread_in_native, id=22189, stack(0x00007f6a5742e000,0x00007f6a5752f000)]
  0x00007f6a70180800 JavaThread "Signal Dispatcher" daemon [_thread_blocked, id=22183, stack(0x00007f6a5756e000,0x00007f6a5766f000)]
  0x00007f6a7014d800 JavaThread "Finalizer" daemon [_thread_blocked, id=22180, stack(0x00007f6a577f8000,0x00007f6a578f9000)]
  0x00007f6a70148800 JavaThread "Reference Handler" daemon [_thread_blocked, id=22178, stack(0x00007f6a578f9000,0x00007f6a579fa000)]
  0x00007f6a7000c000 JavaThread "main" [_thread_blocked, id=22161, stack(0x00007f6a76a1e000,0x00007f6a76b1f000)]

Other Threads:
=>0x00007f6a70141000 VMThread [stack: 0x00007f6a579fa000,0x00007f6a57afb000] [id=22176]
  0x00007f6a7032e000 WatcherThread [stack: 0x00007f6a56f29000,0x00007f6a5702a000] [id=22194]

VM state:at safepoint (normal execution)

VM Mutex/Monitor currently owned by a thread:  ([mutex/lock_event])
[0x00007f6a70008640] Threads_lock - owner thread: 0x00007f6a70141000
[0x00007f6a70008b40] Heap_lock - owner thread: 0x00007f6a7000c000

Heap:
 PSYoungGen      total 266240K, used 1120K [0x00000000e6700000, 0x00000000f6f80000, 0x0000000100000000)
  eden space 261632K, 0% used [0x00000000e6700000,0x00000000e6700000,0x00000000f6680000)
  from space 4608K, 24% used [0x00000000f6680000,0x00000000f6798000,0x00000000f6b00000)
  to   space 4608K, 0% used [0x00000000f6b00000,0x00000000f6b00000,0x00000000f6f80000)
 ParOldGen       total 53248K, used 2570K [0x00000000b3400000, 0x00000000b6800000, 0x00000000e6700000)
  object space 53248K, 4% used [0x00000000b3400000,0x00000000b3682860,0x00000000b6800000)
 Metaspace       used 7818K, capacity 7994K, committed 8192K, reserved 1056768K
  class space    used 847K, capacity 919K, committed 1024K, reserved 1048576K

Card table byte_map: [0x00007f6a6018f000,0x00007f6a603f6000] byte_map_base: 0x00007f6a5fbf5000

Marking Bits: (ParMarkBitMap*) 0x00007f6a75f13120
 Begin Bits: [0x00007f6a5d72b000, 0x00007f6a5ea5b000)
 End Bits:   [0x00007f6a5ea5b000, 0x00007f6a5fd8b000)

Polling page: 0x00007f6a76b3f000

CodeCache: size=245760Kb used=3505Kb max_used=3518Kb free=242254Kb
 bounds [0x00007f6a607b6000, 0x00007f6a60b36000, 0x00007f6a6f7b6000]
 total_blobs=1148 nmethods=854 adapters=209
 compilation: enabled

Compilation events (10 events):
Event: 3.811 Thread 0x00007f6a70319800  850       4       java.util.ArrayList$Itr::<init> (6 bytes)
Event: 3.812 Thread 0x00007f6a70319800 nmethod 850 0x00007f6a60af1d10 code [0x00007f6a60af1e60, 0x00007f6a60af1ef8]
Event: 3.825 Thread 0x00007f6a70319800  851       4       org.gbif.dwca.record.RecordImpl::id (24 bytes)
Event: 3.827 Thread 0x00007f6a70319800 nmethod 851 0x00007f6a60b143d0 code [0x00007f6a60b14540, 0x00007f6a60b14668]
Event: 3.933 Thread 0x00007f6a70318000  852       4       org.gbif.dwca.record.RecordIterator::hasNext (30 bytes)
Event: 3.933 Thread 0x00007f6a70319800  853       4       com.google.common.collect.Iterators$PeekingImpl::hasNext (25 bytes)
Event: 3.934 Thread 0x00007f6a70319800 nmethod 853 0x00007f6a60b14090 code [0x00007f6a60b141e0, 0x00007f6a60b142b8]
Event: 3.935 Thread 0x00007f6a7031b800  854       1       org.gbif.dwca.io.ArchiveField::getTerm (5 bytes)
Event: 3.935 Thread 0x00007f6a7031b800 nmethod 854 0x00007f6a60b13dd0 code [0x00007f6a60b13f20, 0x00007f6a60b14030]
Event: 3.956 Thread 0x00007f6a70318000 nmethod 852 0x00007f6a60b17050 code [0x00007f6a60b17240, 0x00007f6a60b17a18]

GC Heap History (10 events):
Event: 3.220 GC heap after
Heap after GC invocations=6 (full 0):
 PSYoungGen      total 86016K, used 2688K [0x00000000e6700000, 0x00000000ebf00000, 0x0000000100000000)
  eden space 81920K, 0% used [0x00000000e6700000,0x00000000e6700000,0x00000000eb700000)
  from space 4096K, 65% used [0x00000000ebb00000,0x00000000ebda0040,0x00000000ebf00000)
  to   space 4096K, 0% used [0x00000000eb700000,0x00000000eb700000,0x00000000ebb00000)
 ParOldGen       total 53248K, used 843K [0x00000000b3400000, 0x00000000b6800000, 0x00000000e6700000)
  object space 53248K, 1% used [0x00000000b3400000,0x00000000b34d2eb8,0x00000000b6800000)
 Metaspace       used 7805K, capacity 7994K, committed 8192K, reserved 1056768K
  class space    used 846K, capacity 919K, committed 1024K, reserved 1048576K
}
Event: 3.296 GC heap before
{Heap before GC invocations=7 (full 0):
 PSYoungGen      total 86016K, used 84608K [0x00000000e6700000, 0x00000000ebf00000, 0x0000000100000000)
  eden space 81920K, 100% used [0x00000000e6700000,0x00000000eb700000,0x00000000eb700000)
  from space 4096K, 65% used [0x00000000ebb00000,0x00000000ebda0040,0x00000000ebf00000)
  to   space 4096K, 0% used [0x00000000eb700000,0x00000000eb700000,0x00000000ebb00000)
 ParOldGen       total 53248K, used 843K [0x00000000b3400000, 0x00000000b6800000, 0x00000000e6700000)
  object space 53248K, 1% used [0x00000000b3400000,0x00000000b34d2eb8,0x00000000b6800000)
 Metaspace       used 7805K, capacity 7994K, committed 8192K, reserved 1056768K
  class space    used 846K, capacity 919K, committed 1024K, reserved 1048576K
Event: 3.298 GC heap after
Heap after GC invocations=7 (full 0):
 PSYoungGen      total 86016K, used 1024K [0x00000000e6700000, 0x00000000f0f00000, 0x0000000100000000)
  eden space 81920K, 0% used [0x00000000e6700000,0x00000000e6700000,0x00000000eb700000)
  from space 4096K, 25% used [0x00000000eb700000,0x00000000eb800000,0x00000000ebb00000)
  to   space 4096K, 0% used [0x00000000f0b00000,0x00000000f0b00000,0x00000000f0f00000)
 ParOldGen       total 53248K, used 2538K [0x00000000b3400000, 0x00000000b6800000, 0x00000000e6700000)
  object space 53248K, 4% used [0x00000000b3400000,0x00000000b367a860,0x00000000b6800000)
 Metaspace       used 7805K, capacity 7994K, committed 8192K, reserved 1056768K
  class space    used 846K, capacity 919K, committed 1024K, reserved 1048576K
}
Event: 3.368 GC heap before
{Heap before GC invocations=8 (full 0):
 PSYoungGen      total 86016K, used 82944K [0x00000000e6700000, 0x00000000f0f00000, 0x0000000100000000)
  eden space 81920K, 100% used [0x00000000e6700000,0x00000000eb700000,0x00000000eb700000)
  from space 4096K, 25% used [0x00000000eb700000,0x00000000eb800000,0x00000000ebb00000)
  to   space 4096K, 0% used [0x00000000f0b00000,0x00000000f0b00000,0x00000000f0f00000)
 ParOldGen       total 53248K, used 2538K [0x00000000b3400000, 0x00000000b6800000, 0x00000000e6700000)
  object space 53248K, 4% used [0x00000000b3400000,0x00000000b367a860,0x00000000b6800000)
 Metaspace       used 7805K, capacity 7994K, committed 8192K, reserved 1056768K
  class space    used 846K, capacity 919K, committed 1024K, reserved 1048576K
Event: 3.369 GC heap after
Heap after GC invocations=8 (full 0):
 PSYoungGen      total 167424K, used 1024K [0x00000000e6700000, 0x00000000f1000000, 0x0000000100000000)
  eden space 163328K, 0% used [0x00000000e6700000,0x00000000e6700000,0x00000000f0680000)
  from space 4096K, 25% used [0x00000000f0b00000,0x00000000f0c00000,0x00000000f0f00000)
  to   space 4608K, 0% used [0x00000000f0680000,0x00000000f0680000,0x00000000f0b00000)
 ParOldGen       total 53248K, used 2546K [0x00000000b3400000, 0x00000000b6800000, 0x00000000e6700000)
  object space 53248K, 4% used [0x00000000b3400000,0x00000000b367c860,0x00000000b6800000)
 Metaspace       used 7805K, capacity 7994K, committed 8192K, reserved 1056768K
  class space    used 846K, capacity 919K, committed 1024K, reserved 1048576K
}
Event: 3.533 GC heap before
{Heap before GC invocations=9 (full 0):
 PSYoungGen      total 167424K, used 164352K [0x00000000e6700000, 0x00000000f1000000, 0x0000000100000000)
  eden space 163328K, 100% used [0x00000000e6700000,0x00000000f0680000,0x00000000f0680000)
  from space 4096K, 25% used [0x00000000f0b00000,0x00000000f0c00000,0x00000000f0f00000)
  to   space 4608K, 0% used [0x00000000f0680000,0x00000000f0680000,0x00000000f0b00000)
 ParOldGen       total 53248K, used 2546K [0x00000000b3400000, 0x00000000b6800000, 0x00000000e6700000)
  object space 53248K, 4% used [0x00000000b3400000,0x00000000b367c860,0x00000000b6800000)
 Metaspace       used 7805K, capacity 7994K, committed 8192K, reserved 1056768K
  class space    used 846K, capacity 919K, committed 1024K, reserved 1048576K
Event: 3.535 GC heap after
Heap after GC invocations=9 (full 0):
 PSYoungGen      total 167936K, used 1024K [0x00000000e6700000, 0x00000000f6f80000, 0x0000000100000000)
  eden space 163328K, 0% used [0x00000000e6700000,0x00000000e6700000,0x00000000f0680000)
  from space 4608K, 22% used [0x00000000f0680000,0x00000000f0780000,0x00000000f0b00000)
  to   space 4608K, 0% used [0x00000000f6b00000,0x00000000f6b00000,0x00000000f6f80000)
 ParOldGen       total 53248K, used 2554K [0x00000000b3400000, 0x00000000b6800000, 0x00000000e6700000)
  object space 53248K, 4% used [0x00000000b3400000,0x00000000b367e860,0x00000000b6800000)
 Metaspace       used 7805K, capacity 7994K, committed 8192K, reserved 1056768K
  class space    used 846K, capacity 919K, committed 1024K, reserved 1048576K
}
Event: 3.661 GC heap before
{Heap before GC invocations=10 (full 0):
 PSYoungGen      total 167936K, used 164352K [0x00000000e6700000, 0x00000000f6f80000, 0x0000000100000000)
  eden space 163328K, 100% used [0x00000000e6700000,0x00000000f0680000,0x00000000f0680000)
  from space 4608K, 22% used [0x00000000f0680000,0x00000000f0780000,0x00000000f0b00000)
  to   space 4608K, 0% used [0x00000000f6b00000,0x00000000f6b00000,0x00000000f6f80000)
 ParOldGen       total 53248K, used 2554K [0x00000000b3400000, 0x00000000b6800000, 0x00000000e6700000)
  object space 53248K, 4% used [0x00000000b3400000,0x00000000b367e860,0x00000000b6800000)
 Metaspace       used 7812K, capacity 7994K, committed 8192K, reserved 1056768K
  class space    used 846K, capacity 919K, committed 1024K, reserved 1048576K
Event: 3.664 GC heap after
Heap after GC invocations=10 (full 0):
 PSYoungGen      total 266240K, used 1120K [0x00000000e6700000, 0x00000000f6f80000, 0x0000000100000000)
  eden space 261632K, 0% used [0x00000000e6700000,0x00000000e6700000,0x00000000f6680000)
  from space 4608K, 24% used [0x00000000f6b00000,0x00000000f6c18000,0x00000000f6f80000)
  to   space 4608K, 0% used [0x00000000f6680000,0x00000000f6680000,0x00000000f6b00000)
 ParOldGen       total 53248K, used 2562K [0x00000000b3400000, 0x00000000b6800000, 0x00000000e6700000)
  object space 53248K, 4% used [0x00000000b3400000,0x00000000b3680860,0x00000000b6800000)
 Metaspace       used 7812K, capacity 7994K, committed 8192K, reserved 1056768K
  class space    used 846K, capacity 919K, committed 1024K, reserved 1048576K
}
Event: 4.074 GC heap before
{Heap before GC invocations=11 (full 0):
 PSYoungGen      total 266240K, used 262752K [0x00000000e6700000, 0x00000000f6f80000, 0x0000000100000000)
  eden space 261632K, 100% used [0x00000000e6700000,0x00000000f6680000,0x00000000f6680000)
  from space 4608K, 24% used [0x00000000f6b00000,0x00000000f6c18000,0x00000000f6f80000)
  to   space 4608K, 0% used [0x00000000f6680000,0x00000000f6680000,0x00000000f6b00000)
 ParOldGen       total 53248K, used 2562K [0x00000000b3400000, 0x00000000b6800000, 0x00000000e6700000)
  object space 53248K, 4% used [0x00000000b3400000,0x00000000b3680860,0x00000000b6800000)
 Metaspace       used 7818K, capacity 7994K, committed 8192K, reserved 1056768K
  class space    used 847K, capacity 919K, committed 1024K, reserved 1048576K

Deoptimization events (10 events):
Event: 2.791 Thread 0x00007f6a7000c000 Uncommon trap: reason=unstable_if action=reinterpret pc=0x00007f6a609e670c method=java.lang.String.indexOf([CII[CIII)I @ 3
Event: 2.987 Thread 0x00007f6a7000c000 Uncommon trap: reason=class_check action=maybe_recompile pc=0x00007f6a609a0b38 method=java.util.regex.Pattern$Curly.match0(Ljava/util/regex/Matcher;IILjava/lang/CharSequence;)Z @ 31
Event: 2.987 Thread 0x00007f6a7000c000 Uncommon trap: reason=class_check action=maybe_recompile pc=0x00007f6a609a0b38 method=java.util.regex.Pattern$Curly.match0(Ljava/util/regex/Matcher;IILjava/lang/CharSequence;)Z @ 31
Event: 3.007 Thread 0x00007f6a7000c000 Uncommon trap: reason=class_check action=maybe_recompile pc=0x00007f6a609a0b38 method=java.util.regex.Pattern$Curly.match0(Ljava/util/regex/Matcher;IILjava/lang/CharSequence;)Z @ 31
Event: 3.007 Thread 0x00007f6a7000c000 Uncommon trap: reason=class_check action=maybe_recompile pc=0x00007f6a609a0b38 method=java.util.regex.Pattern$Curly.match0(Ljava/util/regex/Matcher;IILjava/lang/CharSequence;)Z @ 31
Event: 3.231 Thread 0x00007f6a7000c000 Uncommon trap: reason=unstable_if action=reinterpret pc=0x00007f6a60aebce4 method=java.util.ArrayList.indexOf(Ljava/lang/Object;)I @ 41
Event: 3.231 Thread 0x00007f6a7000c000 Uncommon trap: reason=unstable_if action=reinterpret pc=0x00007f6a60aafbdc method=java.util.ArrayList.indexOf(Ljava/lang/Object;)I @ 41
Event: 3.312 Thread 0x00007f6a7000c000 Uncommon trap: reason=unstable_if action=reinterpret pc=0x00007f6a60ae32e0 method=java.util.regex.Pattern$SliceI.match(Ljava/util/regex/Matcher;ILjava/lang/CharSequence;)Z @ 58
Event: 3.312 Thread 0x00007f6a7000c000 Uncommon trap: reason=unstable_if action=reinterpret pc=0x00007f6a60ad8de8 method=java.util.regex.Pattern$SliceI.match(Ljava/util/regex/Matcher;ILjava/lang/CharSequence;)Z @ 58
Event: 3.637 Thread 0x00007f6a7000c000 Uncommon trap: reason=unstable_if action=reinterpret pc=0x00007f6a60ae8020 method=java.util.regex.Pattern$Dollar.match(Ljava/util/regex/Matcher;ILjava/lang/CharSequence;)Z @ 42

Internal exceptions (10 events):
Event: 1.122 Thread 0x00007f6a7000c000 Exception <a 'java/security/PrivilegedActionException'> (0x00000000e686b8b0) thrown at [/HUDSON3/workspace/8-2-build-linux-amd64/jdk8u101/7261/hotspot/src/share/vm/prims/jvm.cpp, line 1386]
Event: 1.122 Thread 0x00007f6a7000c000 Exception <a 'java/security/PrivilegedActionException'> (0x00000000e686c548) thrown at [/HUDSON3/workspace/8-2-build-linux-amd64/jdk8u101/7261/hotspot/src/share/vm/prims/jvm.cpp, line 1386]
Event: 1.122 Thread 0x00007f6a7000c000 Exception <a 'java/security/PrivilegedActionException'> (0x00000000e686c758) thrown at [/HUDSON3/workspace/8-2-build-linux-amd64/jdk8u101/7261/hotspot/src/share/vm/prims/jvm.cpp, line 1386]
Event: 1.620 Thread 0x00007f6a7000c000 Exception <a 'java/security/PrivilegedActionException'> (0x00000000e69fd880) thrown at [/HUDSON3/workspace/8-2-build-linux-amd64/jdk8u101/7261/hotspot/src/share/vm/prims/jvm.cpp, line 1386]
Event: 1.620 Thread 0x00007f6a7000c000 Exception <a 'java/security/PrivilegedActionException'> (0x00000000e69fda90) thrown at [/HUDSON3/workspace/8-2-build-linux-amd64/jdk8u101/7261/hotspot/src/share/vm/prims/jvm.cpp, line 1386]
Event: 1.620 Thread 0x00007f6a7000c000 Exception <a 'java/security/PrivilegedActionException'> (0x00000000e69ffd40) thrown at [/HUDSON3/workspace/8-2-build-linux-amd64/jdk8u101/7261/hotspot/src/share/vm/prims/jvm.cpp, line 1386]
Event: 1.620 Thread 0x00007f6a7000c000 Exception <a 'java/security/PrivilegedActionException'> (0x00000000e69fff50) thrown at [/HUDSON3/workspace/8-2-build-linux-amd64/jdk8u101/7261/hotspot/src/share/vm/prims/jvm.cpp, line 1386]
Event: 1.620 Thread 0x00007f6a7000c000 Exception <a 'java/lang/NoClassDefFoundError': org/slf4j/impl/StaticLoggerBinder> (0x00000000e6a07f18) thrown at [/HUDSON3/workspace/8-2-build-linux-amd64/jdk8u101/7261/hotspot/src/share/vm/classfile/systemDictionary.cpp, line 199]
Event: 2.506 Thread 0x00007f6a7000c000 Exception <a 'java/lang/NoSuchFieldError': method resolution failed> (0x00000000e72c4828) thrown at [/HUDSON3/workspace/8-2-build-linux-amd64/jdk8u101/7261/hotspot/src/share/vm/prims/methodHandles.cpp, line 1146]
Event: 2.507 Thread 0x00007f6a7000c000 Exception <a 'java/lang/NoSuchFieldError': method resolution failed> (0x00000000e72d2458) thrown at [/HUDSON3/workspace/8-2-build-linux-amd64/jdk8u101/7261/hotspot/src/share/vm/prims/methodHandles.cpp, line 1146]

Events (10 events):
Event: 3.533 Executing VM operation: ParallelGCFailedAllocation
Event: 3.535 Executing VM operation: ParallelGCFailedAllocation done
Event: 3.637 Thread 0x00007f6a7000c000 Uncommon trap: trap_request=0xffffff65 fr.pc=0x00007f6a60ae8020
Event: 3.637 Thread 0x00007f6a7000c000 DEOPT PACKING pc=0x00007f6a60ae8020 sp=0x00007f6a76b1d1d0
Event: 3.637 Thread 0x00007f6a7000c000 DEOPT UNPACKING pc=0x00007f6a607baf69 sp=0x00007f6a76b1d180 mode 2
Event: 3.661 Executing VM operation: ParallelGCFailedAllocation
Event: 3.664 Executing VM operation: ParallelGCFailedAllocation done
Event: 3.770 loading class java/util/ArrayList$1
Event: 3.809 loading class java/util/ArrayList$1 done
Event: 4.004 Executing VM operation: ParallelGCFailedAllocation


Dynamic libraries:
00400000-00401000 r-xp 00000000 08:02 4720284                            /opt/java/jdk1.8.0_101/bin/java
00600000-00601000 rw-p 00000000 08:02 4720284                            /opt/java/jdk1.8.0_101/bin/java
00b16000-00b37000 rw-p 00000000 00:00 0                                  [heap]
b3400000-b6800000 rw-p 00000000 00:00 0 
b6800000-e6700000 ---p 00000000 00:00 0 
e6700000-f6f80000 rw-p 00000000 00:00 0 
100000000-100100000 rw-p 00000000 00:00 0 
100100000-140000000 ---p 00000000 00:00 0 
7f6a20000000-7f6a20021000 rw-p 00000000 00:00 0 
7f6a20021000-7f6a24000000 ---p 00000000 00:00 0 
7f6a24000000-7f6a24021000 rw-p 00000000 00:00 0 
7f6a24021000-7f6a28000000 ---p 00000000 00:00 0 
7f6a28000000-7f6a2866a000 rw-p 00000000 00:00 0 
7f6a2866a000-7f6a2c000000 ---p 00000000 00:00 0 
7f6a2c000000-7f6a2c40c000 rw-p 00000000 00:00 0 
7f6a2c40c000-7f6a30000000 ---p 00000000 00:00 0 
7f6a30000000-7f6a30021000 rw-p 00000000 00:00 0 
7f6a30021000-7f6a34000000 ---p 00000000 00:00 0 
7f6a34000000-7f6a34500000 rw-p 00000000 00:00 0 
7f6a34500000-7f6a38000000 ---p 00000000 00:00 0 
7f6a38000000-7f6a38021000 rw-p 00000000 00:00 0 
7f6a38021000-7f6a3c000000 ---p 00000000 00:00 0 
7f6a3c000000-7f6a3c021000 rw-p 00000000 00:00 0 
7f6a3c021000-7f6a40000000 ---p 00000000 00:00 0 
7f6a40000000-7f6a4028d000 rw-p 00000000 00:00 0 
7f6a4028d000-7f6a44000000 ---p 00000000 00:00 0 
7f6a44000000-7f6a44021000 rw-p 00000000 00:00 0 
7f6a44021000-7f6a48000000 ---p 00000000 00:00 0 
7f6a48000000-7f6a48021000 rw-p 00000000 00:00 0 
7f6a48021000-7f6a4c000000 ---p 00000000 00:00 0 
7f6a4c000000-7f6a4c021000 rw-p 00000000 00:00 0 
7f6a4c021000-7f6a50000000 ---p 00000000 00:00 0 
7f6a50000000-7f6a50021000 rw-p 00000000 00:00 0 
7f6a50021000-7f6a54000000 ---p 00000000 00:00 0 
7f6a56a11000-7f6a56d12000 rw-p 00000000 00:00 0 
7f6a56d12000-7f6a56d28000 r-xp 00000000 08:02 4720131                    /opt/java/jdk1.8.0_101/jre/lib/amd64/libnet.so
7f6a56d28000-7f6a56f28000 ---p 00016000 08:02 4720131                    /opt/java/jdk1.8.0_101/jre/lib/amd64/libnet.so
7f6a56f28000-7f6a56f29000 rw-p 00016000 08:02 4720131                    /opt/java/jdk1.8.0_101/jre/lib/amd64/libnet.so
7f6a56f29000-7f6a56f2a000 ---p 00000000 00:00 0 
7f6a56f2a000-7f6a5702a000 rw-p 00000000 00:00 0                          [stack:22194]
7f6a5702a000-7f6a5702d000 ---p 00000000 00:00 0 
7f6a5702d000-7f6a5712b000 rw-p 00000000 00:00 0                          [stack:22193]
7f6a5712b000-7f6a5712e000 ---p 00000000 00:00 0 
7f6a5712e000-7f6a5722c000 rw-p 00000000 00:00 0                          [stack:22192]
7f6a5722c000-7f6a5722f000 ---p 00000000 00:00 0 
7f6a5722f000-7f6a5732d000 rw-p 00000000 00:00 0                          [stack:22191]
7f6a5732d000-7f6a57330000 ---p 00000000 00:00 0 
7f6a57330000-7f6a5742e000 rw-p 00000000 00:00 0                          [stack:22190]
7f6a5742e000-7f6a57431000 ---p 00000000 00:00 0 
7f6a57431000-7f6a5752f000 rw-p 00000000 00:00 0                          [stack:22189]
7f6a5752f000-7f6a57543000 r--s 0010e000 08:02 4988170                    /home/ba/.m2/repository/org/freemarker/freemarker/2.3.21/freemarker-2.3.21.jar
7f6a57543000-7f6a5756e000 r--s 001fc000 08:02 3151681                    /home/ba/.m2/repository/com/google/guava/guava/18.0/guava-18.0.jar
7f6a5756e000-7f6a57571000 ---p 00000000 00:00 0 
7f6a57571000-7f6a5766f000 rw-p 00000000 00:00 0                          [stack:22183]
7f6a5766f000-7f6a577f8000 r--p 00000000 08:02 7342606                    /usr/lib/locale/locale-archive
7f6a577f8000-7f6a577fb000 ---p 00000000 00:00 0 
7f6a577fb000-7f6a578f9000 rw-p 00000000 00:00 0                          [stack:22180]
7f6a578f9000-7f6a578fc000 ---p 00000000 00:00 0 
7f6a578fc000-7f6a579fa000 rw-p 00000000 00:00 0                          [stack:22178]
7f6a579fa000-7f6a579fb000 ---p 00000000 00:00 0 
7f6a579fb000-7f6a58000000 rw-p 00000000 00:00 0                          [stack:22176]
7f6a58000000-7f6a58021000 rw-p 00000000 00:00 0 
7f6a58021000-7f6a5c000000 ---p 00000000 00:00 0 
7f6a5c001000-7f6a5c002000 rw-p 00000000 00:00 0 
7f6a5c002000-7f6a5c007000 r--s 002f9000 08:02 4719939                    /opt/java/jdk1.8.0_101/jre/lib/charsets.jar
7f6a5c007000-7f6a5c009000 r--s 0001a000 08:02 4856475                    /opt/idea-IC-173.4127.27/lib/idea_rt.jar
7f6a5c009000-7f6a5c00d000 r--s 0002d000 08:02 3547910                    /home/ba/.m2/repository/org/apache/logging/log4j/log4j-api/2.6.2/log4j-api-2.6.2.jar
7f6a5c00d000-7f6a5c00e000 r--s 00007000 08:02 5126863                    /home/ba/.m2/repository/org/slf4j/slf4j-api/1.7.10/slf4j-api-1.7.10.jar
7f6a5c00e000-7f6a5c015000 r--s 0005e000 08:02 4596075                    /home/ba/.m2/repository/org/apache/commons/commons-lang3/3.3.2/commons-lang3-3.3.2.jar
7f6a5c015000-7f6a5c019000 r--s 0002a000 08:02 4465238                    /home/ba/.m2/repository/commons-io/commons-io/2.4/commons-io-2.4.jar
7f6a5c019000-7f6a5c01e000 r--s 00034000 08:02 4723934                    /home/ba/.m2/repository/commons-beanutils/commons-beanutils/1.8.3/commons-beanutils-1.8.3.jar
7f6a5c01e000-7f6a5c025000 r--s 00040000 08:02 4596067                    /home/ba/.m2/repository/cglib/cglib/2.2.2/cglib-2.2.2.jar
7f6a5c025000-7f6a5c02b000 r--s 00035000 08:02 4596065                    /home/ba/.m2/repository/org/apache/commons/commons-digester3/3.2/commons-digester3-3.2.jar
7f6a5c02b000-7f6a5c02d000 r--s 0000d000 08:02 4596063                    /home/ba/.m2/repository/commons-logging/commons-logging/1.1.1/commons-logging-1.1.1.jar
7f6a5c02d000-7f6a5c031000 r--s 0002f000 08:02 4596061                    /home/ba/.m2/repository/commons-beanutils/commons-beanutils-core/1.8.3/commons-beanutils-core-1.8.3.jar
7f6a5c031000-7f6a5c042000 r--s 000b2000 08:02 4070634                    /home/ba/.m2/repository/com/vividsolutions/jts/1.13/jts-1.13.jar
7f6a5c042000-7f6a5c046000 r--s 0000c000 08:02 4596083                    /home/ba/.m2/repository/javax/validation/validation-api/1.1.0.Final/validation-api-1.1.0.Final.jar
7f6a5c046000-7f6a5c04e000 r--s 00058000 08:02 4596005                    /home/ba/.m2/repository/org/gbif/gbif-api/0.18/gbif-api-0.18.jar
7f6a5c04e000-7f6a5c06c000 r--s 00180000 08:02 4596057                    /home/ba/.m2/repository/org/apache/commons/commons-math3/3.2/commons-math3-3.2.jar
7f6a5c06c000-7f6a5ca76000 rw-p 00000000 00:00 0 
7f6a5ca76000-7f6a5cc4f000 r--s 03d29000 08:02 4719933                    /opt/java/jdk1.8.0_101/jre/lib/rt.jar
7f6a5cc4f000-7f6a5d3c5000 rw-p 00000000 00:00 0 
7f6a5d3c5000-7f6a5d4c5000 ---p 00000000 00:00 0 
7f6a5d4c5000-7f6a5fd8b000 rw-p 00000000 00:00 0 
7f6a5fd8b000-7f6a5fd8c000 ---p 00000000 00:00 0 
7f6a5fd8c000-7f6a5fe8c000 rw-p 00000000 00:00 0                          [stack:22165]
7f6a5fe8c000-7f6a5fe8d000 ---p 00000000 00:00 0 
7f6a5fe8d000-7f6a5ff8d000 rw-p 00000000 00:00 0                          [stack:22164]
7f6a5ff8d000-7f6a5ff8e000 ---p 00000000 00:00 0 
7f6a5ff8e000-7f6a6008e000 rw-p 00000000 00:00 0                          [stack:22163]
7f6a6008e000-7f6a6008f000 ---p 00000000 00:00 0 
7f6a6008f000-7f6a601a9000 rw-p 00000000 00:00 0                          [stack:22162]
7f6a601a9000-7f6a60328000 ---p 00000000 00:00 0 
7f6a60328000-7f6a603ad000 rw-p 00000000 00:00 0 
7f6a603ad000-7f6a603f5000 ---p 00000000 00:00 0 
7f6a603f5000-7f6a60404000 rw-p 00000000 00:00 0 
7f6a60404000-7f6a607b6000 ---p 00000000 00:00 0 
7f6a607b6000-7f6a60b36000 rwxp 00000000 00:00 0 
7f6a60b36000-7f6a6f7b6000 ---p 00000000 00:00 0 
7f6a6f7b6000-7f6a6f7d0000 r-xp 00000000 08:02 4720120                    /opt/java/jdk1.8.0_101/jre/lib/amd64/libzip.so
7f6a6f7d0000-7f6a6f9d0000 ---p 0001a000 08:02 4720120                    /opt/java/jdk1.8.0_101/jre/lib/amd64/libzip.so
7f6a6f9d0000-7f6a6f9d1000 rw-p 0001a000 08:02 4720120                    /opt/java/jdk1.8.0_101/jre/lib/amd64/libzip.so
7f6a6f9d1000-7f6a6f9dc000 r-xp 00000000 08:02 1703958                    /lib/x86_64-linux-gnu/libnss_files-2.19.so
7f6a6f9dc000-7f6a6fbdb000 ---p 0000b000 08:02 1703958                    /lib/x86_64-linux-gnu/libnss_files-2.19.so
7f6a6fbdb000-7f6a6fbdc000 r--p 0000a000 08:02 1703958                    /lib/x86_64-linux-gnu/libnss_files-2.19.so
7f6a6fbdc000-7f6a6fbdd000 rw-p 0000b000 08:02 1703958                    /lib/x86_64-linux-gnu/libnss_files-2.19.so
7f6a6fbdd000-7f6a6fbe7000 r-xp 00000000 08:02 1703962                    /lib/x86_64-linux-gnu/libnss_nis-2.19.so
7f6a6fbe7000-7f6a6fde6000 ---p 0000a000 08:02 1703962                    /lib/x86_64-linux-gnu/libnss_nis-2.19.so
7f6a6fde6000-7f6a6fde7000 r--p 00009000 08:02 1703962                    /lib/x86_64-linux-gnu/libnss_nis-2.19.so
7f6a6fde7000-7f6a6fde8000 rw-p 0000a000 08:02 1703962                    /lib/x86_64-linux-gnu/libnss_nis-2.19.so
7f6a6fde8000-7f6a6fdfd000 r-xp 00000000 08:02 1703953                    /lib/x86_64-linux-gnu/libnsl-2.19.so
7f6a6fdfd000-7f6a6fffc000 ---p 00015000 08:02 1703953                    /lib/x86_64-linux-gnu/libnsl-2.19.so
7f6a6fffc000-7f6a6fffd000 r--p 00014000 08:02 1703953                    /lib/x86_64-linux-gnu/libnsl-2.19.so
7f6a6fffd000-7f6a6fffe000 rw-p 00015000 08:02 1703953                    /lib/x86_64-linux-gnu/libnsl-2.19.so
7f6a6fffe000-7f6a70000000 rw-p 00000000 00:00 0 
7f6a70000000-7f6a70608000 rw-p 00000000 00:00 0 
7f6a70608000-7f6a74000000 ---p 00000000 00:00 0 
7f6a74000000-7f6a74001000 r--s 0000a000 08:02 4596069                    /home/ba/.m2/repository/asm/asm/3.3.1/asm-3.3.1.jar
7f6a74001000-7f6a74008000 r--s 00072000 08:02 4596059                    /home/ba/.m2/repository/org/apache/tika/tika-core/1.5/tika-core-1.5.jar
7f6a74008000-7f6a7400b000 r--s 00006000 08:02 4596055                    /home/ba/.m2/repository/com/google/code/findbugs/jsr305/3.0.0/jsr305-3.0.0.jar
7f6a7400b000-7f6a74012000 r--s 00053000 08:02 4596053                    /home/ba/.m2/repository/org/apache/commons/commons-compress/1.8.1/commons-compress-1.8.1.jar
7f6a74012000-7f6a74021000 r--s 000b0000 08:02 4596051                    /home/ba/.m2/repository/org/codehaus/jackson/jackson-mapper-asl/1.9.12/jackson-mapper-asl-1.9.12.jar
7f6a74021000-7f6a74034000 r--s 00345000 08:02 4720165                    /opt/java/jdk1.8.0_101/jre/lib/resources.jar
7f6a74034000-7f6a74047000 r--s 000d6000 08:02 4719997                    /opt/java/jdk1.8.0_101/jre/lib/plugin.jar
7f6a74047000-7f6a74062000 r--s 00208000 08:02 4719876                    /opt/java/jdk1.8.0_101/jre/lib/deploy.jar
7f6a74062000-7f6a7407c000 rw-p 00000000 00:00 0 
7f6a7407c000-7f6a741fc000 ---p 00000000 00:00 0 
7f6a741fc000-7f6a74203000 r-xp 00000000 08:02 1703955                    /lib/x86_64-linux-gnu/libnss_compat-2.19.so
7f6a74203000-7f6a74402000 ---p 00007000 08:02 1703955                    /lib/x86_64-linux-gnu/libnss_compat-2.19.so
7f6a74402000-7f6a74403000 r--p 00006000 08:02 1703955                    /lib/x86_64-linux-gnu/libnss_compat-2.19.so
7f6a74403000-7f6a74404000 rw-p 00007000 08:02 1703955                    /lib/x86_64-linux-gnu/libnss_compat-2.19.so
7f6a74404000-7f6a7440e000 r-xp 00000000 08:02 4720129                    /opt/java/jdk1.8.0_101/jre/lib/amd64/libinstrument.so
7f6a7440e000-7f6a7460d000 ---p 0000a000 08:02 4720129                    /opt/java/jdk1.8.0_101/jre/lib/amd64/libinstrument.so
7f6a7460d000-7f6a7460e000 rw-p 00009000 08:02 4720129                    /opt/java/jdk1.8.0_101/jre/lib/amd64/libinstrument.so
7f6a7460e000-7f6a74638000 r-xp 00000000 08:02 4720104                    /opt/java/jdk1.8.0_101/jre/lib/amd64/libjava.so
7f6a74638000-7f6a74838000 ---p 0002a000 08:02 4720104                    /opt/java/jdk1.8.0_101/jre/lib/amd64/libjava.so
7f6a74838000-7f6a7483a000 rw-p 0002a000 08:02 4720104                    /opt/java/jdk1.8.0_101/jre/lib/amd64/libjava.so
7f6a7483a000-7f6a74847000 r-xp 00000000 08:02 4720118                    /opt/java/jdk1.8.0_101/jre/lib/amd64/libverify.so
7f6a74847000-7f6a74a47000 ---p 0000d000 08:02 4720118                    /opt/java/jdk1.8.0_101/jre/lib/amd64/libverify.so
7f6a74a47000-7f6a74a49000 rw-p 0000d000 08:02 4720118                    /opt/java/jdk1.8.0_101/jre/lib/amd64/libverify.so
7f6a74a49000-7f6a74a50000 r-xp 00000000 08:02 1703966                    /lib/x86_64-linux-gnu/librt-2.19.so
7f6a74a50000-7f6a74c4f000 ---p 00007000 08:02 1703966                    /lib/x86_64-linux-gnu/librt-2.19.so
7f6a74c4f000-7f6a74c50000 r--p 00006000 08:02 1703966                    /lib/x86_64-linux-gnu/librt-2.19.so
7f6a74c50000-7f6a74c51000 rw-p 00007000 08:02 1703966                    /lib/x86_64-linux-gnu/librt-2.19.so
7f6a74c51000-7f6a74d51000 r-xp 00000000 08:02 1703949                    /lib/x86_64-linux-gnu/libm-2.19.so
7f6a74d51000-7f6a74f50000 ---p 00100000 08:02 1703949                    /lib/x86_64-linux-gnu/libm-2.19.so
7f6a74f50000-7f6a74f51000 r--p 000ff000 08:02 1703949                    /lib/x86_64-linux-gnu/libm-2.19.so
7f6a74f51000-7f6a74f52000 rw-p 00100000 08:02 1703949                    /lib/x86_64-linux-gnu/libm-2.19.so
7f6a74f52000-7f6a75c1d000 r-xp 00000000 08:02 4720154                    /opt/java/jdk1.8.0_101/jre/lib/amd64/server/libjvm.so
7f6a75c1d000-7f6a75e1c000 ---p 00ccb000 08:02 4720154                    /opt/java/jdk1.8.0_101/jre/lib/amd64/server/libjvm.so
7f6a75e1c000-7f6a75ef5000 rw-p 00cca000 08:02 4720154                    /opt/java/jdk1.8.0_101/jre/lib/amd64/server/libjvm.so
7f6a75ef5000-7f6a75f40000 rw-p 00000000 00:00 0 
7f6a75f40000-7f6a760e1000 r-xp 00000000 08:02 1703945                    /lib/x86_64-linux-gnu/libc-2.19.so
7f6a760e1000-7f6a762e1000 ---p 001a1000 08:02 1703945                    /lib/x86_64-linux-gnu/libc-2.19.so
7f6a762e1000-7f6a762e5000 r--p 001a1000 08:02 1703945                    /lib/x86_64-linux-gnu/libc-2.19.so
7f6a762e5000-7f6a762e7000 rw-p 001a5000 08:02 1703945                    /lib/x86_64-linux-gnu/libc-2.19.so
7f6a762e7000-7f6a762eb000 rw-p 00000000 00:00 0 
7f6a762eb000-7f6a762ee000 r-xp 00000000 08:02 1703948                    /lib/x86_64-linux-gnu/libdl-2.19.so
7f6a762ee000-7f6a764ed000 ---p 00003000 08:02 1703948                    /lib/x86_64-linux-gnu/libdl-2.19.so
7f6a764ed000-7f6a764ee000 r--p 00002000 08:02 1703948                    /lib/x86_64-linux-gnu/libdl-2.19.so
7f6a764ee000-7f6a764ef000 rw-p 00003000 08:02 1703948                    /lib/x86_64-linux-gnu/libdl-2.19.so
7f6a764ef000-7f6a76504000 r-xp 00000000 08:02 4719297                    /opt/java/jdk1.8.0_101/lib/amd64/jli/libjli.so
7f6a76504000-7f6a76704000 ---p 00015000 08:02 4719297                    /opt/java/jdk1.8.0_101/lib/amd64/jli/libjli.so
7f6a76704000-7f6a76705000 rw-p 00015000 08:02 4719297                    /opt/java/jdk1.8.0_101/lib/amd64/jli/libjli.so
7f6a76705000-7f6a7671d000 r-xp 00000000 08:02 1703941                    /lib/x86_64-linux-gnu/libpthread-2.19.so
7f6a7671d000-7f6a7691c000 ---p 00018000 08:02 1703941                    /lib/x86_64-linux-gnu/libpthread-2.19.so
7f6a7691c000-7f6a7691d000 r--p 00017000 08:02 1703941                    /lib/x86_64-linux-gnu/libpthread-2.19.so
7f6a7691d000-7f6a7691e000 rw-p 00018000 08:02 1703941                    /lib/x86_64-linux-gnu/libpthread-2.19.so
7f6a7691e000-7f6a76922000 rw-p 00000000 00:00 0 
7f6a76922000-7f6a76943000 r-xp 00000000 08:02 1703942                    /lib/x86_64-linux-gnu/ld-2.19.so
7f6a76943000-7f6a76944000 r--s 00005000 08:02 4596004                    /home/ba/.m2/repository/org/gbif/name-parser/2.6/name-parser-2.6.jar
7f6a76944000-7f6a76946000 r--s 00021000 08:02 4595989                    /home/ba/.m2/repository/org/gbif/gbif-parsers/0.11/gbif-parsers-0.11.jar
7f6a76946000-7f6a76948000 r--s 00009000 08:02 4595993                    /home/ba/.m2/repository/org/gbif/registry/registry-metadata/2.26/registry-metadata-2.26.jar
7f6a76948000-7f6a76949000 r--s 0000b000 08:02 4595991                    /home/ba/.m2/repository/org/gbif/gbif-common/0.17/gbif-common-0.17.jar
7f6a76949000-7f6a7694d000 r--s 00035000 08:02 4596049                    /home/ba/.m2/repository/org/codehaus/jackson/jackson-core-asl/1.9.12/jackson-core-asl-1.9.12.jar
7f6a7694d000-7f6a7694f000 r--s 00008000 08:02 4595997                    /home/ba/.m2/repository/org/gbif/dwc-api/1.12/dwc-api-1.12.jar
7f6a7694f000-7f6a76951000 r--s 00012000 08:02 4595995                    /home/ba/.m2/repository/org/gbif/dwca-io/1.23/dwca-io-1.23.jar
7f6a76951000-7f6a76955000 r--s 00097000 08:02 4719941                    /opt/java/jdk1.8.0_101/jre/lib/jsse.jar
7f6a76955000-7f6a76957000 r--s 00007000 08:02 4720253                    /opt/java/jdk1.8.0_101/jre/lib/jfxswt.jar
7f6a76957000-7f6a7695c000 r--s 00084000 08:02 4720191                    /opt/java/jdk1.8.0_101/jre/lib/jfr.jar
7f6a7695c000-7f6a76a1e000 rw-p 00000000 00:00 0 
7f6a76a1e000-7f6a76a21000 ---p 00000000 00:00 0 
7f6a76a21000-7f6a76b23000 rw-p 00000000 00:00 0                          [stack:22161]
7f6a76b23000-7f6a76b24000 r--s 00000000 08:02 4720178                    /opt/java/jdk1.8.0_101/jre/lib/management-agent.jar
7f6a76b24000-7f6a76b27000 r--s 0001a000 08:02 4719940                    /opt/java/jdk1.8.0_101/jre/lib/jce.jar
7f6a76b27000-7f6a76b31000 r--s 0006c000 08:02 4720166                    /opt/java/jdk1.8.0_101/jre/lib/javaws.jar
7f6a76b31000-7f6a76b36000 r--s 002f9000 08:02 4719939                    /opt/java/jdk1.8.0_101/jre/lib/charsets.jar
7f6a76b36000-7f6a76b3e000 rw-s 00000000 08:02 3940610                    /tmp/hsperfdata_ba/22160
7f6a76b3e000-7f6a76b3f000 rw-p 00000000 00:00 0 
7f6a76b3f000-7f6a76b40000 ---p 00000000 00:00 0 
7f6a76b40000-7f6a76b42000 rw-p 00000000 00:00 0 
7f6a76b42000-7f6a76b43000 r--p 00020000 08:02 1703942                    /lib/x86_64-linux-gnu/ld-2.19.so
7f6a76b43000-7f6a76b44000 rw-p 00021000 08:02 1703942                    /lib/x86_64-linux-gnu/ld-2.19.so
7f6a76b44000-7f6a76b45000 rw-p 00000000 00:00 0 
7fff72a4c000-7fff72a6e000 rw-p 00000000 00:00 0                          [stack]
7fff72ab2000-7fff72ab4000 r-xp 00000000 00:00 0                          [vdso]
7fff72ab4000-7fff72ab6000 r--p 00000000 00:00 0                          [vvar]
ffffffffff600000-ffffffffff601000 r-xp 00000000 00:00 0                  [vsyscall]

VM Arguments:
jvm_args: -javaagent:/opt/idea-IC-173.4127.27/lib/idea_rt.jar=52486:/opt/idea-IC-173.4127.27/bin -Dfile.encoding=UTF-8 
java_command: org.eol.validator.testValidator
java_class_path (initial): /opt/java/jdk1.8.0_101/jre/lib/charsets.jar:/opt/java/jdk1.8.0_101/jre/lib/deploy.jar:/opt/java/jdk1.8.0_101/jre/lib/ext/cldrdata.jar:/opt/java/jdk1.8.0_101/jre/lib/ext/dnsns.jar:/opt/java/jdk1.8.0_101/jre/lib/ext/jaccess.jar:/opt/java/jdk1.8.0_101/jre/lib/ext/jfxrt.jar:/opt/java/jdk1.8.0_101/jre/lib/ext/localedata.jar:/opt/java/jdk1.8.0_101/jre/lib/ext/nashorn.jar:/opt/java/jdk1.8.0_101/jre/lib/ext/sunec.jar:/opt/java/jdk1.8.0_101/jre/lib/ext/sunjce_provider.jar:/opt/java/jdk1.8.0_101/jre/lib/ext/sunpkcs11.jar:/opt/java/jdk1.8.0_101/jre/lib/ext/zipfs.jar:/opt/java/jdk1.8.0_101/jre/lib/javaws.jar:/opt/java/jdk1.8.0_101/jre/lib/jce.jar:/opt/java/jdk1.8.0_101/jre/lib/jfr.jar:/opt/java/jdk1.8.0_101/jre/lib/jfxswt.jar:/opt/java/jdk1.8.0_101/jre/lib/jsse.jar:/opt/java/jdk1.8.0_101/jre/lib/management-agent.jar:/opt/java/jdk1.8.0_101/jre/lib/plugin.jar:/opt/java/jdk1.8.0_101/jre/lib/resources.jar:/opt/java/jdk1.8.0_101/jre/lib/rt.jar:/home/ba/IdeaProjects/validation/target/classes:/home/ba/.m2/repository/org/gbif/dwca-io/1.23/dwca-io-1.23.jar:/home/ba/.m2/repository/org/gbif/dwc-api/1.12/dwc-api-1.12.jar:/home/ba/.m2/repository/org/codehaus/jackson/jackson-core-asl/1.9.12/jackson-core-asl-1.9.12.jar:/home/ba/.m2/repository/org/codehaus/jackson/jackson-mapper-asl/1.9.12/jackson-mapper-asl-1.9.12.jar:/home/ba/.m2/repository/org/gbif/gbif-common/0.17/gbif-common-0.17.jar:/home/ba/.m2/repository/org/apache/commons/commons-compress/1.8.1/commons-compress-1.8.1.jar:/home/ba/.m2/repository/org/gbif/registry/registry-metadata/2.26/registry-metadata-2.26.jar:/home/ba/.m2/repository/org/gbif/gbif-parsers/0.11/gbif-parsers-0.11.jar:/home/ba/.m2/repository/com/google/code/findbugs/jsr305/3.0.0/jsr305-3.0.0.jar:/home/ba/.m2/repository/org/apache/commons/commons-math3/3.2/commons-math3-3.2.jar:/home/ba/.m2/repository/org/apache/tika/tika-core/1.5/tika-core-1.5.jar:/home/ba/.m2/repository/org/gbif/name-parser/2.6/name-parser-2.6.jar:/home/ba/.m2/repository/or
Launcher Type: SUN_STANDARD

Environment Variables:
PATH=/usr/lib/nodejs/node-v8.4.0/bin:/usr/local/bin:/usr/bin:/bin:/usr/local/games:/usr/games:/home/ba/.rvm/bin
USERNAME=ba
SHELL=/bin/bash
DISPLAY=:0

Signal Handlers:
SIGSEGV: [libjvm.so+0xac4790], sa_mask[0]=11111111011111111101111111111110, sa_flags=SA_RESTART|SA_SIGINFO
SIGBUS: [libjvm.so+0xac4790], sa_mask[0]=11111111011111111101111111111110, sa_flags=SA_RESTART|SA_SIGINFO
SIGFPE: [libjvm.so+0x91f140], sa_mask[0]=11111111011111111101111111111110, sa_flags=SA_RESTART|SA_SIGINFO
SIGPIPE: [libjvm.so+0x91f140], sa_mask[0]=11111111011111111101111111111110, sa_flags=SA_RESTART|SA_SIGINFO
SIGXFSZ: [libjvm.so+0x91f140], sa_mask[0]=11111111011111111101111111111110, sa_flags=SA_RESTART|SA_SIGINFO
SIGILL: [libjvm.so+0x91f140], sa_mask[0]=11111111011111111101111111111110, sa_flags=SA_RESTART|SA_SIGINFO
SIGUSR1: SIG_DFL, sa_mask[0]=00000000000000000000000000000000, sa_flags=none
SIGUSR2: [libjvm.so+0x920770], sa_mask[0]=00100000000000000000000000000000, sa_flags=SA_RESTART|SA_SIGINFO
SIGHUP: [libjvm.so+0x921b70], sa_mask[0]=11111111011111111101111111111110, sa_flags=SA_RESTART|SA_SIGINFO
SIGINT: [libjvm.so+0x921b70], sa_mask[0]=11111111011111111101111111111110, sa_flags=SA_RESTART|SA_SIGINFO
SIGTERM: [libjvm.so+0x921b70], sa_mask[0]=11111111011111111101111111111110, sa_flags=SA_RESTART|SA_SIGINFO
SIGQUIT: [libjvm.so+0x921b70], sa_mask[0]=11111111011111111101111111111110, sa_flags=SA_RESTART|SA_SIGINFO


---------------  S Y S T E M  ---------------

OS:PRETTY_NAME="Debian GNU/Linux 8 (jessie)"
NAME="Debian GNU/Linux"
VERSION_ID="8"
VERSION="8 (jessie)"
ID=debian
HOME_URL="http://www.debian.org/"
SUPPORT_URL="http://www.debian.org/support"
BUG_REPORT_URL="https://bugs.debian.org/"

uname:Linux 3.16.0-4-amd64 #1 SMP Debian 3.16.43-2+deb8u2 (2017-06-26) x86_64
libc:glibc 2.19 NPTL 2.19 
rlimit: STACK 8192k, CORE 0k, NPROC 15762, NOFILE 65536, AS infinity
load average:1.55 1.69 1.60

/proc/meminfo:
MemTotal:        5027064 kB
MemFree:          100024 kB
MemAvailable:      51288 kB
Buffers:            1388 kB
Cached:           146960 kB
SwapCached:         2896 kB
Active:          2935284 kB
Inactive:         694032 kB
Active(anon):    2911784 kB
Inactive(anon):   672856 kB
Active(file):      23500 kB
Inactive(file):    21176 kB
Unevictable:           0 kB
Mlocked:               0 kB
SwapTotal:          8188 kB
SwapFree:              0 kB
Dirty:              1748 kB
Writeback:            68 kB
AnonPages:       3478948 kB
Mapped:            51240 kB
Shmem:            103156 kB
Slab:              55528 kB
SReclaimable:      26780 kB
SUnreclaim:        28748 kB
KernelStack:       10736 kB
PageTables:        35108 kB
NFS_Unstable:          0 kB
Bounce:                0 kB
WritebackTmp:          0 kB
CommitLimit:     2521720 kB
Committed_AS:    6993068 kB
VmallocTotal:   34359738367 kB
VmallocUsed:       42332 kB
VmallocChunk:   34359693772 kB
HardwareCorrupted:     0 kB
AnonHugePages:         0 kB
HugePages_Total:       0
HugePages_Free:        0
HugePages_Rsvd:        0
HugePages_Surp:        0
Hugepagesize:       2048 kB
DirectMap4k:       67520 kB
DirectMap2M:     8058880 kB


CPU:total 4 (4 cores per cpu, 1 threads per core) family 6 model 94 stepping 3, cmov, cx8, fxsr, mmx, sse, sse2, sse3, ssse3, sse4.1, sse4.2, popcnt, avx, avx2, aes, clmul, erms, rtm, 3dnowpref, lzcnt, tsc, bmi1, bmi2, adx

/proc/cpuinfo:
processor	: 0
vendor_id	: GenuineIntel
cpu family	: 6
model		: 94
model name	: Intel(R) Core(TM) i5-6600 CPU @ 3.30GHz
stepping	: 3
microcode	: 0xffffffff
cpu MHz		: 3311.980
cache size	: 6144 KB
physical id	: 0
siblings	: 4
core id		: 0
cpu cores	: 4
apicid		: 0
initial apicid	: 0
fpu		: yes
fpu_exception	: yes
cpuid level	: 21
wp		: yes
flags		: fpu vme de pse tsc msr pae mce cx8 apic sep mtrr pge mca cmov pat pse36 clflush mmx fxsr sse sse2 ss ht syscall nx lm constant_tsc rep_good nopl eagerfpu pni pclmulqdq ssse3 fma cx16 sse4_1 sse4_2 movbe popcnt aes xsave avx f16c rdrand hypervisor lahf_lm abm 3dnowprefetch xsaveopt fsgsbase bmi1 hle avx2 smep bmi2 erms rtm rdseed adx smap
bogomips	: 6623.96
clflush size	: 64
cache_alignment	: 64
address sizes	: 39 bits physical, 48 bits virtual
power management:

processor	: 1
vendor_id	: GenuineIntel
cpu family	: 6
model		: 94
model name	: Intel(R) Core(TM) i5-6600 CPU @ 3.30GHz
stepping	: 3
microcode	: 0xffffffff
cpu MHz		: 3311.980
cache size	: 6144 KB
physical id	: 0
siblings	: 4
core id		: 1
cpu cores	: 4
apicid		: 1
initial apicid	: 1
fpu		: yes
fpu_exception	: yes
cpuid level	: 21
wp		: yes
flags		: fpu vme de pse tsc msr pae mce cx8 apic sep mtrr pge mca cmov pat pse36 clflush mmx fxsr sse sse2 ss ht syscall nx lm constant_tsc rep_good nopl eagerfpu pni pclmulqdq ssse3 fma cx16 sse4_1 sse4_2 movbe popcnt aes xsave avx f16c rdrand hypervisor lahf_lm abm 3dnowprefetch xsaveopt fsgsbase bmi1 hle avx2 smep bmi2 erms rtm rdseed adx smap
bogomips	: 6623.96
clflush size	: 64
cache_alignment	: 64
address sizes	: 39 bits physical, 48 bits virtual
power management:

processor	: 2
vendor_id	: GenuineIntel
cpu family	: 6
model		: 94
model name	: Intel(R) Core(TM) i5-6600 CPU @ 3.30GHz
stepping	: 3
microcode	: 0xffffffff
cpu MHz		: 3311.980
cache size	: 6144 KB
physical id	: 0
siblings	: 4
core id		: 2
cpu cores	: 4
apicid		: 2
initial apicid	: 2
fpu		: yes
fpu_exception	: yes
cpuid level	: 21
wp		: yes
flags		: fpu vme de pse tsc msr pae mce cx8 apic sep mtrr pge mca cmov pat pse36 clflush mmx fxsr sse sse2 ss ht syscall nx lm constant_tsc rep_good nopl eagerfpu pni pclmulqdq ssse3 fma cx16 sse4_1 sse4_2 movbe popcnt aes xsave avx f16c rdrand hypervisor lahf_lm abm 3dnowprefetch xsaveopt fsgsbase bmi1 hle avx2 smep bmi2 erms rtm rdseed adx smap
bogomips	: 6623.96
clflush size	: 64
cache_alignment	: 64
address sizes	: 39 bits physical, 48 bits virtual
power management:

processor	: 3
vendor_id	: GenuineIntel
cpu family	: 6
model		: 94
model name	: Intel(R) Core(TM) i5-6600 CPU @ 3.30GHz
stepping	: 3
microcode	: 0xffffffff
cpu MHz		: 3311.980
cache size	: 6144 KB
physical id	: 0
siblings	: 4
core id		: 3
cpu cores	: 4
apicid		: 3
initial apicid	: 3
fpu		: yes
fpu_exception	: yes
cpuid level	: 21
wp		: yes
flags		: fpu vme de pse tsc msr pae mce cx8 apic sep mtrr pge mca cmov pat pse36 clflush mmx fxsr sse sse2 ss ht syscall nx lm constant_tsc rep_good nopl eagerfpu pni pclmulqdq ssse3 fma cx16 sse4_1 sse4_2 movbe popcnt aes xsave avx f16c rdrand hypervisor lahf_lm abm 3dnowprefetch xsaveopt fsgsbase bmi1 hle avx2 smep bmi2 erms rtm rdseed adx smap
bogomips	: 6623.96
clflush size	: 64
cache_alignment	: 64
address sizes	: 39 bits physical, 48 bits virtual
power management:



Memory: 4k page, physical 5027064k(100024k free), swap 8188k(0k free)

vm_info: Java HotSpot(TM) 64-Bit Server VM (25.101-b13) for linux-amd64 JRE (1.8.0_101-b13), built on Jun 22 2016 02:59:44 by "java_re" with gcc 4.3.0 20080428 (Red Hat 4.3.0-8)

time: Mon Jan 22 15:27:32 2018
elapsed time: 6 seconds (0d 0h 0m 6s)

